aabc 2013nahead
aabc 2014nahead
aabc v86n2
abc v101n6s2
abc v102n5
abd v88n6s1
anp v72n6
ape v27n2
bjmbr 2014nahead
bor v28nspe
cint v35n2
clin v69n6
csp v30n5
cta 2014nahead
delta v30n1
ecos v23n1
icse 2014nahead
jistm v10n3
jtl v8n4
lajss v11n9
mana v20n1
mioc 2014nahead
mr 2014nahead
mr v17n3
ni 2014nahead
osoc v21n69
pab v49n2
po v23n2
po v23n4
po v23n5
po v23n6
po v24n1
po v24n2
rarv v38n2
rbci v22n1
rbcs v38n2
rbfis 2014nahead
rbof v73n1
rbp 2014nahead
rbz v43n6
reben v55n5
reben v55n6
rpc v41n2
rsp v47n3
rsp v47n5

