abc 2015nahead
bjmbr 2014nahead
bjmbr 2015nahead
cr 2015nahead
ep 2015nahead
mioc 2015nahead
prod 2015nahead
rlae 2015nahead
spmj 2015nahead
abc v100n1
abc v101n5
abc v101n6
abc v99n2s2
abc v99n4
abc v99n4s1
abem v57n7
abem v57n9
anp v70n5
anp v71n1
ccedes v33n90
cp v43n149
cp v43n150
csp v29n1
csp v29n11
csp v29n8
csp v29n9
delta v29nspe
eagri v33n1
hb v31n3
jbn v35n4
jped v88n6
jped v89n4
jped v89n5
kr v54n127
mioc v107n1
mioc v107n2
mioc v107n4
mioc v107n7
mioc v107s1
mr v17s1
nec n96
nec n97
pab v48n8
pope v33n2
qn v36n5
qn v36n7
rae v52n1
rae v52n2
rae v52n3
rae v52n4
rae v52n6
rae v53n1
rae v53n4
rae v53n5
rae v53n6
rap v46n1
rap v46n2
rap v46n3
rap v47n6
rausp v48n4
rbepop v30s0
rbe v67n4
rbf v35n3
rbgo v35n11
rbgo v35n7
rbh v33n65
rcbc v40n4
rceres v59n6
reben v66n5
reben v66n6
rimtsp v54n5
rimtsp v54s18
rpc v40n3
rsbmt v45n2
rsbmt v45n5
rsp v46n1
rsp v46n2
rsp v46n4
trans v36n2
trans v36nspe
abc v104n1
abc v104n2
abo v77n5
abo v77n6
abo v78n1
aem v59n1
bar v12n1
bjb v74n3s1
bjmbr v48n4
bjps v50n4
cerne v21n1
csp v31n3
er n55
er nspe4
hb v33n2
hoehnea v42n1
mr v18n1
pat v45n1
pd v33n1
po v25n1
qn v38n2
rarv v39n1
rbccv v29n4
rbcdh v16s1
rbeaa v19n4
rbefe v29n1
rb v47n6
ress v23n2
rieb n60
rmat v20n1
rn v28n2
rsocp v23n53
tce v24n1

