rceres v62n4
mr v18n4
acb v30n8
bjorl v81n4
cr v45n10
rbgo v37n9
abc v105n2
rdor v16n3
ram v16n4
si v20n2
rem v68n3
cp v45n156
rbme v21n4
fp v22n2
icse v19s1
eins v8n4
csc v1n1
reben v35n3-4
aa v26n4
aa v26n3
tinf v27n3pr
bjorl v81n1s1
abc v103n6
abc v104n6
rba v64n5
rbr v54n2
rb v48n2
rb v47n1
rb v47n2
rb v47n3
rb v47n4
rb v47n5
rb v47n6
rb v46n3
rb v46n4
rb v46n5
rb v46n6
reben v68n3
clin v70n8
tinf v27n3
rbce v36n4
ape v27n1
bcg v20n3
acr v20n2
babt v57n4
babt v57n6
bolema v29n52
bjmbr v47n1
bjmbr v47n2
bjmbr v47n3
bjmbr v47n4
bjmbr v47n5
bjmbr v47n6
rbce v36n3
bjmbr v47n7
bjmbr v47n8
bjmbr v47n9
bjmbr v47n10
bjmbr v47n11
bjmbr v47n12
jcol v34n1
jcol v34n4
rbp 2015nahead
abc 2015nahead
bjmbr 2015nahead
gp 2015nahead
bjgeo 2015nahead
reng 2015nahead
icse 2015nahead
mr 2015nahead
cr 2015nahead
rbgo 2015nahead
